0 info it worked if it ends with ok
1 verbose cli [ '/usr/bin/node', '/usr/bin/npm', 'install', '-g' ]
2 info using npm@1.4.28
3 info using node@v0.10.32
4 verbose node symlink /usr/bin/node
5 verbose cache add [ '.', null ]
6 verbose cache add name=undefined spec="." args=[".",null]
7 verbose parsed url { protocol: null,
7 verbose parsed url   slashes: null,
7 verbose parsed url   auth: null,
7 verbose parsed url   host: null,
7 verbose parsed url   port: null,
7 verbose parsed url   hostname: null,
7 verbose parsed url   hash: null,
7 verbose parsed url   search: null,
7 verbose parsed url   query: null,
7 verbose parsed url   pathname: '.',
7 verbose parsed url   path: '.',
7 verbose parsed url   href: '.' }
8 silly lockFile 3a52ce78- .
9 verbose lock . /home/phill/.npm/3a52ce78-.lock
10 verbose tar pack [ '/home/phill/.npm/untitled/0.0.0/package.tgz', '.' ]
11 verbose tarball /home/phill/.npm/untitled/0.0.0/package.tgz
12 verbose folder .
13 info prepublish untitled@0.0.0
14 silly lockFile 1f1177db-tar tar://.
15 verbose lock tar://. /home/phill/.npm/1f1177db-tar.lock
16 silly lockFile 8f38db9f-l-npm-untitled-0-0-0-package-tgz tar:///home/phill/.npm/untitled/0.0.0/package.tgz
17 verbose lock tar:///home/phill/.npm/untitled/0.0.0/package.tgz /home/phill/.npm/8f38db9f-l-npm-untitled-0-0-0-package-tgz.lock
18 silly lockFile 1f1177db-tar tar://.
19 silly lockFile 1f1177db-tar tar://.
20 silly lockFile 8f38db9f-l-npm-untitled-0-0-0-package-tgz tar:///home/phill/.npm/untitled/0.0.0/package.tgz
21 silly lockFile 8f38db9f-l-npm-untitled-0-0-0-package-tgz tar:///home/phill/.npm/untitled/0.0.0/package.tgz
22 silly lockFile 16443e9e-phill-npm-untitled-0-0-0-package /home/phill/.npm/untitled/0.0.0/package
23 verbose lock /home/phill/.npm/untitled/0.0.0/package /home/phill/.npm/16443e9e-phill-npm-untitled-0-0-0-package.lock
24 silly lockFile 16443e9e-phill-npm-untitled-0-0-0-package /home/phill/.npm/untitled/0.0.0/package
25 silly lockFile 16443e9e-phill-npm-untitled-0-0-0-package /home/phill/.npm/untitled/0.0.0/package
26 silly lockFile 3a52ce78- .
27 silly lockFile 3a52ce78- .
28 silly resolved [ { name: 'untitled',
28 silly resolved     version: '0.0.0',
28 silly resolved     private: true,
28 silly resolved     scripts: { start: 'node ./bin/www' },
28 silly resolved     dependencies:
28 silly resolved      { 'body-parser': '~1.8.1',
28 silly resolved        'cookie-parser': '~1.3.3',
28 silly resolved        debug: '~2.0.0',
28 silly resolved        express: '~4.9.0',
28 silly resolved        jade: '~1.6.0',
28 silly resolved        mongoose: '^3.8.18',
28 silly resolved        morgan: '~1.3.0',
28 silly resolved        'serve-favicon': '~2.1.3' },
28 silly resolved     gitHead: '733fbcb5057ecf6f6625d741fe2ca283e235a8da',
28 silly resolved     readme: 'ERROR: No README data found!',
28 silly resolved     _id: 'untitled@0.0.0',
28 silly resolved     _shasum: '724252ba2c13e06372ea495f43ccc4180076de06',
28 silly resolved     _from: '.' } ]
29 info install untitled@0.0.0 into /usr/lib
30 info installOne untitled@0.0.0
31 verbose lib/node_modules/untitled unbuild
32 verbose tar unpack /home/phill/.npm/untitled/0.0.0/package.tgz
33 silly lockFile caebbb81-ar-usr-lib-node-modules-untitled tar:///usr/lib/node_modules/untitled
34 verbose lock tar:///usr/lib/node_modules/untitled /home/phill/.npm/caebbb81-ar-usr-lib-node-modules-untitled.lock
35 silly lockFile 8f38db9f-l-npm-untitled-0-0-0-package-tgz tar:///home/phill/.npm/untitled/0.0.0/package.tgz
36 verbose lock tar:///home/phill/.npm/untitled/0.0.0/package.tgz /home/phill/.npm/8f38db9f-l-npm-untitled-0-0-0-package-tgz.lock
37 silly gunzTarPerm modes [ '755', '644' ]
38 error Error: EACCES, mkdir '/usr/lib/node_modules/untitled'
38 error  { [Error: EACCES, mkdir '/usr/lib/node_modules/untitled']
38 error   errno: 3,
38 error   code: 'EACCES',
38 error   path: '/usr/lib/node_modules/untitled',
38 error   fstream_type: 'Directory',
38 error   fstream_path: '/usr/lib/node_modules/untitled',
38 error   fstream_class: 'DirWriter',
38 error   fstream_stack:
38 error    [ '/usr/lib/node_modules/npm/node_modules/fstream/lib/dir-writer.js:36:23',
38 error      '/usr/lib/node_modules/npm/node_modules/mkdirp/index.js:46:53',
38 error      'Object.oncomplete (fs.js:107:15)' ] }
39 error Please try running this command again as root/Administrator.
40 error System Linux 3.2.0-4-amd64
41 error command "/usr/bin/node" "/usr/bin/npm" "install" "-g"
42 error cwd /home/phill/school/sem3/block3/ca3/ordersViewer
43 error node -v v0.10.32
44 error npm -v 1.4.28
45 error path /usr/lib/node_modules/untitled
46 error fstream_path /usr/lib/node_modules/untitled
47 error fstream_type Directory
48 error fstream_class DirWriter
49 error code EACCES
50 error errno 3
51 error stack Error: EACCES, mkdir '/usr/lib/node_modules/untitled'
52 error fstream_stack /usr/lib/node_modules/npm/node_modules/fstream/lib/dir-writer.js:36:23
52 error fstream_stack /usr/lib/node_modules/npm/node_modules/mkdirp/index.js:46:53
52 error fstream_stack Object.oncomplete (fs.js:107:15)
53 verbose exit [ 3, true ]
